<?xml version="1.0" encoding="UTF-8"?>
<testng-results ignored="0" total="1" passed="1" failed="0" skipped="0">
  <reporter-output>
  </reporter-output>
  <suite started-at="2021-06-13T17:33:59 IST" name="Default suite" finished-at="2021-06-13T17:35:15 IST" duration-ms="75728">
    <groups>
    </groups>
    <test started-at="2021-06-13T17:33:59 IST" name="Default test" finished-at="2021-06-13T17:35:15 IST" duration-ms="75728">
      <class name="com.cyient.screenShots.ScreenShots">
        <test-method is-config="true" signature="setup()[pri:0, instance:com.cyient.screenShots.ScreenShots@483f6d77]" started-at="2021-06-13T17:33:59 IST" name="setup" finished-at="2021-06-13T17:35:13 IST" duration-ms="74035" status="PASS">
          <reporter-output>
          </reporter-output>
        </test-method> <!-- setup -->
        <test-method signature="testScreenShots()[pri:0, instance:com.cyient.screenShots.ScreenShots@483f6d77]" started-at="2021-06-13T17:35:13 IST" name="testScreenShots" finished-at="2021-06-13T17:35:14 IST" duration-ms="586" status="PASS">
          <reporter-output>
          </reporter-output>
        </test-method> <!-- testScreenShots -->
        <test-method is-config="true" signature="teardown()[pri:0, instance:com.cyient.screenShots.ScreenShots@483f6d77]" started-at="2021-06-13T17:35:14 IST" name="teardown" finished-at="2021-06-13T17:35:15 IST" duration-ms="1030" status="PASS">
          <reporter-output>
          </reporter-output>
        </test-method> <!-- teardown -->
      </class> <!-- com.cyient.screenShots.ScreenShots -->
    </test> <!-- Default test -->
  </suite> <!-- Default suite -->
</testng-results>
